========================================================
2/20/2022 2:41:21 PM
System.Data.Entity.Core.MappingException: Schema specified is not valid. Errors: 
Models.EmployeeModel.msl(7,12) : error 2019: Member Mapping specified is not valid. The type 'Edm.Binary[Nullable=True,DefaultValue=,MaxLength=250,FixedLength=False]' of member 'ComputerDetails' in type 'EmployeePortalModel.Employee' is not compatible with 'SqlServer.varchar[Nullable=True,DefaultValue=,MaxLength=250,Unicode=False,FixedLength=False]' of member 'ComputerDetails' in type 'EmployeePortalModel.Store.Employee'.
   at System.Data.Entity.Core.Mapping.StorageMappingItemCollection.Init(EdmItemCollection edmCollection, StoreItemCollection storeCollection, IEnumerable`1 xmlReaders, IList`1 filePaths, Boolean throwOnError)
   at System.Data.Entity.Core.Mapping.StorageMappingItemCollection..ctor(EdmItemCollection edmCollection, StoreItemCollection storeCollection, IEnumerable`1 xmlReaders, IList`1 filePaths)
   at System.Data.Entity.Core.Metadata.Edm.MetadataCache.LoadStoreCollection(EdmItemCollection edmItemCollection, MetadataArtifactLoader loader)
   at System.Data.Entity.Core.Metadata.Edm.MetadataCache.<>c__DisplayClass5.<>c__DisplayClass7.<GetMetadataWorkspace>b__1()
   at System.Lazy`1.CreateValue()
   at System.Lazy`1.LazyInitValue()
   at System.Lazy`1.get_Value()
   at System.Data.Entity.Core.Metadata.Edm.MetadataCache.<>c__DisplayClass5.<>c__DisplayClass7.<GetMetadataWorkspace>b__4()
   at System.Data.Entity.Core.Metadata.Edm.MetadataWorkspace.LoadAndCheckItemCollection[T](Func`1 itemCollectionLoader)
   at System.Data.Entity.Core.Metadata.Edm.MetadataWorkspace.<>c__DisplayClass16.<.ctor>b__f()
   at System.Lazy`1.CreateValue()
   at System.Lazy`1.LazyInitValue()
   at System.Lazy`1.get_Value()
   at System.Data.Entity.Core.Metadata.Edm.MetadataWorkspace.GetItemCollection(DataSpace dataSpace, Boolean required)
   at System.Data.Entity.Core.Metadata.Edm.MetadataWorkspace.GetItemCollection(DataSpace dataSpace)
   at System.Data.Entity.Core.Objects.ObjectContext.InitializeMappingViewCacheFactory(DbContext owner)
   at System.Data.Entity.Core.Objects.ObjectContext..ctor(EntityConnection connection, Boolean isConnectionConstructor, ObjectQueryExecutionPlanFactory objectQueryExecutionPlanFactory, Translator translator, ColumnMapFactory columnMapFactory)
   at System.Data.Entity.Internal.InternalConnection.CreateObjectContextFromConnectionModel()
   at System.Data.Entity.Internal.LazyInternalConnection.CreateObjectContextFromConnectionModel()
   at System.Data.Entity.Internal.LazyInternalContext.InitializeContext()
   at System.Data.Entity.Internal.InternalContext.Initialize()
   at System.Data.Entity.Internal.InternalContext.GetEntitySetAndBaseTypeForType(Type entityType)
   at System.Data.Entity.Internal.Linq.InternalSet`1.Initialize()
   at System.Data.Entity.Internal.Linq.InternalSet`1.Include(String path)
   at System.Data.Entity.Infrastructure.DbQuery`1.Include(String path)
   at System.Data.Entity.QueryableExtensions.Include[T](IQueryable`1 source, String path)
   at System.Data.Entity.QueryableExtensions.Include[T,TProperty](IQueryable`1 source, Expression`1 path)
   at EmployeeWeb.Controllers.EmployeesController.Index() in C:\TFS\source\repos\PlayDotNet\EmployeeWeb\Controllers\EmployeesController.cs:line 24
   at lambda_method(Closure , ControllerBase , Object[] )
   at System.Web.Mvc.ActionMethodDispatcher.Execute(ControllerBase controller, Object[] parameters)
   at System.Web.Mvc.ReflectedActionDescriptor.Execute(ControllerContext controllerContext, IDictionary`2 parameters)
   at System.Web.Mvc.ControllerActionInvoker.InvokeActionMethod(ControllerContext controllerContext, ActionDescriptor actionDescriptor, IDictionary`2 parameters)
   at System.Web.Mvc.Async.AsyncControllerActionInvoker.<>c.<BeginInvokeSynchronousActionMethod>b__9_0(IAsyncResult asyncResult, ActionInvocation innerInvokeState)
   at System.Web.Mvc.Async.AsyncResultWrapper.WrappedAsyncResult`2.CallEndDelegate(IAsyncResult asyncResult)
   at System.Web.Mvc.Async.AsyncResultWrapper.WrappedAsyncResultBase`1.End()
   at System.Web.Mvc.Async.AsyncControllerActionInvoker.EndInvokeActionMethod(IAsyncResult asyncResult)
   at System.Web.Mvc.Async.AsyncControllerActionInvoker.AsyncInvocationWithFilters.<InvokeActionMethodFilterAsynchronouslyRecursive>b__11_0()
   at System.Web.Mvc.Async.AsyncControllerActionInvoker.AsyncInvocationWithFilters.<>c__DisplayClass11_1.<InvokeActionMethodFilterAsynchronouslyRecursive>b__2()
   at System.Web.Mvc.Async.AsyncControllerActionInvoker.<>c__DisplayClass7_0.<BeginInvokeActionMethodWithFilters>b__1(IAsyncResult asyncResult)
   at System.Web.Mvc.Async.AsyncResultWrapper.WrappedAsyncResult`1.CallEndDelegate(IAsyncResult asyncResult)
   at System.Web.Mvc.Async.AsyncResultWrapper.WrappedAsyncResultBase`1.End()
   at System.Web.Mvc.Async.AsyncControllerActionInvoker.EndInvokeActionMethodWithFilters(IAsyncResult asyncResult)
   at System.Web.Mvc.Async.AsyncControllerActionInvoker.<>c__DisplayClass3_6.<BeginInvokeAction>b__3()
   at System.Web.Mvc.Async.AsyncControllerActionInvoker.<>c__DisplayClass3_1.<BeginInvokeAction>b__5(IAsyncResult asyncResult)
